TN:
SF:src/agents/architect.ts
FNF:0
FNH:0
DA:1,1
LF:1
LH:1
BRF:0
BRH:0
end_of_record
TN:
SF:src/agents/auditor.ts
FNF:0
FNH:0
DA:1,1
LF:1
LH:1
BRF:0
BRH:0
end_of_record
TN:
SF:src/agents/engineer.ts
FNF:0
FNH:0
DA:1,1
LF:1
LH:1
BRF:0
BRH:0
end_of_record
TN:
SF:src/agents/index.ts
FNF:0
FNH:0
DA:22,1
LF:1
LH:1
BRF:0
BRH:0
end_of_record
TN:
SF:src/agents/names.ts
FNF:0
FNH:0
DA:5,1
LF:1
LH:1
BRF:0
BRH:0
end_of_record
TN:
SF:src/agents/specialist.ts
FNF:0
FNH:0
DA:1,1
LF:1
LH:1
BRF:0
BRH:0
end_of_record
TN:
SF:src/agents/strategist.ts
FNF:0
FNH:0
DA:1,1
LF:1
LH:1
BRF:0
BRH:0
end_of_record
TN:
SF:src/core/config-handler.ts
FN:11,resolveAgentNames
FN:22,defaultTools
FN:78,defaultPermission
FN:178,buildAgentConfig
FN:246,createConfigHandler
FN:247,(anonymous_5)
FN:267,(anonymous_6)
FN:311,(anonymous_7)
FNF:8
FNH:8
FNDA:7,resolveAgentNames
FNDA:35,defaultTools
FNDA:35,defaultPermission
FNDA:35,buildAgentConfig
FNDA:7,createConfigHandler
FNDA:7,(anonymous_5)
FNDA:6,(anonymous_6)
FNDA:5,(anonymous_7)
DA:12,7
DA:23,35
DA:39,35
DA:50,35
DA:56,35
DA:61,35
DA:63,7
DA:65,7
DA:67,7
DA:69,7
DA:71,7
DA:73,0
DA:79,35
DA:96,35
DA:108,35
DA:134,35
DA:152,35
DA:154,7
DA:156,7
DA:158,7
DA:160,7
DA:162,7
DA:164,0
DA:187,35
DA:200,35
DA:201,5
DA:203,35
DA:204,5
DA:206,35
DA:207,5
DA:212,35
DA:214,35
DA:215,3
DA:217,35
DA:218,0
DA:219,0
DA:222,35
DA:223,2
DA:224,2
DA:225,2
DA:228,33
DA:229,33
DA:230,33
DA:232,6
DA:234,27
DA:241,35
DA:243,35
DA:247,7
DA:248,7
DA:249,7
DA:252,7
DA:262,7
DA:263,0
DA:264,0
DA:267,7
DA:269,6
DA:274,7
DA:275,7
DA:276,1
DA:277,1
DA:279,7
DA:280,0
DA:281,0
DA:283,7
DA:284,0
DA:285,0
DA:287,7
DA:288,0
DA:289,0
DA:291,7
DA:292,0
DA:293,0
DA:296,7
DA:299,7
DA:300,7
DA:301,35
DA:302,5
DA:303,5
DA:304,5
DA:307,7
DA:308,1
DA:311,5
DA:318,7
DA:326,7
DA:327,35
DA:329,35
DA:330,35
DA:334,7
DA:336,7
DA:338,7
LF:90
LH:76
BRDA:13,0,0,7
BRDA:13,0,1,6
BRDA:14,1,0,7
BRDA:14,1,1,6
BRDA:15,2,0,7
BRDA:15,2,1,6
BRDA:16,3,0,7
BRDA:16,3,1,6
BRDA:17,4,0,7
BRDA:17,4,1,6
BRDA:61,5,0,7
BRDA:61,5,1,7
BRDA:61,5,2,7
BRDA:61,5,3,7
BRDA:61,5,4,7
BRDA:61,5,5,0
BRDA:152,6,0,7
BRDA:152,6,1,7
BRDA:152,6,2,7
BRDA:152,6,3,7
BRDA:152,6,4,7
BRDA:152,6,5,0
BRDA:192,7,0,7
BRDA:192,7,1,28
BRDA:192,8,0,7
BRDA:192,8,1,21
BRDA:200,9,0,5
BRDA:200,9,1,30
BRDA:203,10,0,5
BRDA:203,10,1,30
BRDA:206,11,0,5
BRDA:206,11,1,30
BRDA:214,12,0,3
BRDA:214,12,1,32
BRDA:217,13,0,0
BRDA:217,13,1,35
BRDA:217,14,0,35
BRDA:217,14,1,0
BRDA:222,15,0,2
BRDA:222,15,1,33
BRDA:222,16,0,35
BRDA:222,16,1,2
BRDA:224,17,0,2
BRDA:224,17,1,0
BRDA:229,18,0,33
BRDA:229,18,1,0
BRDA:229,19,0,33
BRDA:229,19,1,33
BRDA:230,20,0,6
BRDA:230,20,1,27
BRDA:230,21,0,33
BRDA:230,21,1,8
BRDA:248,22,0,0
BRDA:248,22,1,7
BRDA:249,23,0,0
BRDA:249,23,1,7
BRDA:262,24,0,0
BRDA:262,24,1,7
BRDA:262,25,0,7
BRDA:262,25,1,7
BRDA:269,26,0,6
BRDA:269,26,1,5
BRDA:269,26,2,5
BRDA:274,27,0,7
BRDA:274,27,1,1
BRDA:275,28,0,1
BRDA:275,28,1,6
BRDA:275,29,0,7
BRDA:275,29,1,7
BRDA:279,30,0,0
BRDA:279,30,1,7
BRDA:279,31,0,7
BRDA:279,31,1,1
BRDA:279,31,2,1
BRDA:283,32,0,0
BRDA:283,32,1,7
BRDA:283,33,0,7
BRDA:283,33,1,0
BRDA:287,34,0,0
BRDA:287,34,1,7
BRDA:287,35,0,7
BRDA:287,35,1,1
BRDA:291,36,0,0
BRDA:291,36,1,7
BRDA:291,37,0,7
BRDA:291,37,1,0
BRDA:301,38,0,5
BRDA:301,38,1,30
BRDA:307,39,0,1
BRDA:307,39,1,6
BRDA:336,40,0,6
BRDA:336,40,1,1
BRDA:340,41,0,7
BRDA:340,41,1,7
BRDA:341,42,0,7
BRDA:341,42,1,7
BRDA:342,43,0,7
BRDA:342,43,1,7
BRDA:343,44,0,7
BRDA:343,44,1,7
BRDA:346,45,0,7
BRDA:346,45,1,7
BRDA:347,46,0,7
BRDA:347,46,1,7
BRDA:348,47,0,7
BRDA:348,47,1,7
BRF:106
BRH:91
end_of_record
TN:
SF:src/core/event-handler.ts
FN:10,createEventHandler
FN:13,(anonymous_1)
FN:42,looksLikeTaskRequest
FN:56,(anonymous_3)
FN:61,(anonymous_4)
FN:72,(anonymous_5)
FN:80,shouldIgnore
FNF:7
FNH:5
FNDA:0,createEventHandler
FNDA:0,(anonymous_1)
FNDA:76,looksLikeTaskRequest
FNDA:1096,(anonymous_3)
FNDA:110,(anonymous_4)
FNDA:535,(anonymous_5)
FNDA:14,shouldIgnore
DA:8,1
DA:11,0
DA:13,0
DA:18,0
DA:20,0
DA:25,0
DA:26,0
DA:27,0
DA:28,0
DA:29,0
DA:31,0
DA:34,0
DA:37,0
DA:43,76
DA:46,76
DA:47,76
DA:50,56
DA:56,1096
DA:57,56
DA:60,38
DA:61,110
DA:64,38
DA:72,535
DA:76,38
DA:81,14
DA:82,14
DA:83,14
LF:27
LH:15
BRDA:20,0,0,0
BRDA:20,0,1,0
BRDA:20,0,2,0
BRDA:20,0,3,0
BRDA:25,1,0,0
BRDA:25,1,1,0
BRDA:26,2,0,0
BRDA:26,2,1,0
BRDA:26,2,2,0
BRDA:27,3,0,0
BRDA:27,3,1,0
BRDA:27,4,0,0
BRDA:27,4,1,0
BRDA:27,4,2,0
BRDA:46,5,0,76
BRDA:46,5,1,74
BRDA:46,5,2,74
BRDA:46,5,3,74
BRDA:47,6,0,20
BRDA:47,6,1,56
BRDA:47,7,0,76
BRDA:47,7,1,73
BRDA:47,7,2,58
BRDA:57,8,0,18
BRDA:57,8,1,38
BRDA:76,9,0,38
BRDA:76,9,1,2
BRDA:76,9,2,0
BRDA:83,10,0,14
BRDA:83,10,1,4
BRF:30
BRH:15
end_of_record
TN:
SF:src/core/mission-controller.ts
FN:51,parseMissionTimestamp
FN:64,constructor
FN:72,start
FN:191,(anonymous_3)
FN:205,resume
FN:206,(anonymous_5)
FN:231,(anonymous_6)
FN:246,abort
FN:261,status
FN:264,(anonymous_9)
FN:265,(anonymous_10)
FN:266,(anonymous_11)
FN:274,executeTodos
FN:282,(anonymous_13)
FN:283,(anonymous_14)
FN:298,(anonymous_15)
FN:388,(anonymous_16)
FN:392,(anonymous_17)
FN:393,(anonymous_18)
FN:402,runAudit
FN:411,(anonymous_20)
FN:463,buildTaskPrompt
FN:474,(anonymous_22)
FN:483,createSession
FN:495,promptSession
FN:504,pollSession
FN:539,pollForFile
FN:547,loadMissionTodos
FN:589,(anonymous_28)
FN:596,saveMissionState
FN:616,emit
FN:645,(anonymous_31)
FN:655,sleep
FN:656,(anonymous_33)
FNF:34
FNH:0
FNDA:0,parseMissionTimestamp
FNDA:0,constructor
FNDA:0,start
FNDA:0,(anonymous_3)
FNDA:0,resume
FNDA:0,(anonymous_5)
FNDA:0,(anonymous_6)
FNDA:0,abort
FNDA:0,status
FNDA:0,(anonymous_9)
FNDA:0,(anonymous_10)
FNDA:0,(anonymous_11)
FNDA:0,executeTodos
FNDA:0,(anonymous_13)
FNDA:0,(anonymous_14)
FNDA:0,(anonymous_15)
FNDA:0,(anonymous_16)
FNDA:0,(anonymous_17)
FNDA:0,(anonymous_18)
FNDA:0,runAudit
FNDA:0,(anonymous_20)
FNDA:0,buildTaskPrompt
FNDA:0,(anonymous_22)
FNDA:0,createSession
FNDA:0,promptSession
FNDA:0,pollSession
FNDA:0,pollForFile
FNDA:0,loadMissionTodos
FNDA:0,(anonymous_28)
FNDA:0,saveMissionState
FNDA:0,emit
FNDA:0,(anonymous_31)
FNDA:0,sleep
FNDA:0,(anonymous_33)
DA:48,1
DA:49,1
DA:52,0
DA:53,0
DA:54,0
DA:55,0
DA:56,0
DA:61,0
DA:62,0
DA:65,0
DA:73,0
DA:74,0
DA:75,0
DA:76,0
DA:77,0
DA:79,0
DA:80,0
DA:90,0
DA:91,0
DA:94,0
DA:95,0
DA:96,0
DA:97,0
DA:98,0
DA:100,0
DA:101,0
DA:102,0
DA:105,0
DA:116,0
DA:120,0
DA:121,0
DA:123,0
DA:125,0
DA:146,0
DA:147,0
DA:149,0
DA:150,0
DA:154,0
DA:156,0
DA:157,0
DA:159,0
DA:160,0
DA:162,0
DA:163,0
DA:164,0
DA:165,0
DA:169,0
DA:170,0
DA:172,0
DA:175,0
DA:176,0
DA:177,0
DA:178,0
DA:182,0
DA:183,0
DA:191,0
DA:195,0
DA:198,0
DA:199,0
DA:206,0
DA:207,0
DA:209,0
DA:210,0
DA:211,0
DA:212,0
DA:215,0
DA:216,0
DA:217,0
DA:218,0
DA:222,0
DA:223,0
DA:231,0
DA:235,0
DA:238,0
DA:239,0
DA:240,0
DA:242,0
DA:247,0
DA:248,0
DA:249,0
DA:251,0
DA:252,0
DA:253,0
DA:254,0
DA:255,0
DA:262,0
DA:263,0
DA:264,0
DA:265,0
DA:266,0
DA:267,0
DA:269,0
DA:275,0
DA:276,0
DA:277,0
DA:278,0
DA:279,0
DA:282,0
DA:283,0
DA:284,0
DA:286,0
DA:287,0
DA:288,0
DA:289,0
DA:290,0
DA:295,0
DA:297,0
DA:298,0
DA:299,0
DA:301,0
DA:303,0
DA:304,0
DA:305,0
DA:306,0
DA:307,0
DA:308,0
DA:309,0
DA:312,0
DA:313,0
DA:314,0
DA:315,0
DA:316,0
DA:317,0
DA:318,0
DA:319,0
DA:322,0
DA:326,0
DA:327,0
DA:328,0
DA:330,0
DA:331,0
DA:332,0
DA:334,0
DA:335,0
DA:338,0
DA:339,0
DA:340,0
DA:341,0
DA:343,0
DA:344,0
DA:345,0
DA:347,0
DA:348,0
DA:349,0
DA:350,0
DA:351,0
DA:352,0
DA:353,0
DA:358,0
DA:359,0
DA:360,0
DA:363,0
DA:364,0
DA:365,0
DA:366,0
DA:367,0
DA:370,0
DA:371,0
DA:372,0
DA:373,0
DA:374,0
DA:375,0
DA:376,0
DA:378,0
DA:379,0
DA:380,0
DA:384,0
DA:385,0
DA:388,0
DA:389,0
DA:391,0
DA:392,0
DA:393,0
DA:394,0
DA:397,0
DA:399,0
DA:403,0
DA:405,0
DA:406,0
DA:411,0
DA:421,0
DA:424,0
DA:425,0
DA:426,0
DA:427,0
DA:428,0
DA:429,0
DA:431,0
DA:432,0
DA:439,0
DA:440,0
DA:441,0
DA:442,0
DA:446,0
DA:447,0
DA:448,0
DA:449,0
DA:450,0
DA:451,0
DA:459,0
DA:460,0
DA:468,0
DA:474,0
DA:484,0
DA:489,0
DA:490,0
DA:492,0
DA:496,0
DA:506,0
DA:507,0
DA:508,0
DA:509,0
DA:510,0
DA:511,0
DA:514,0
DA:515,0
DA:516,0
DA:517,0
DA:519,0
DA:520,0
DA:521,0
DA:531,0
DA:532,0
DA:533,0
DA:534,0
DA:536,0
DA:540,0
DA:541,0
DA:542,0
DA:544,0
DA:548,0
DA:549,0
DA:551,0
DA:555,0
DA:556,0
DA:557,0
DA:558,0
DA:559,0
DA:560,0
DA:561,0
DA:562,0
DA:563,0
DA:564,0
DA:566,0
DA:567,0
DA:568,0
DA:569,0
DA:570,0
DA:581,0
DA:583,0
DA:584,0
DA:585,0
DA:587,0
DA:588,0
DA:589,0
DA:592,0
DA:593,0
DA:597,0
DA:598,0
DA:599,0
DA:608,0
DA:609,0
DA:610,0
DA:612,0
DA:617,0
DA:618,0
DA:619,0
DA:622,0
DA:623,0
DA:624,0
DA:626,0
DA:627,0
DA:628,0
DA:629,0
DA:630,0
DA:631,0
DA:632,0
DA:633,0
DA:634,0
DA:638,0
DA:656,0
LF:281
LH:2
BRDA:52,0,0,0
BRDA:52,0,1,0
BRDA:54,1,0,0
BRDA:54,1,1,0
BRDA:56,2,0,0
BRDA:56,2,1,0
BRDA:72,3,0,0
BRDA:94,4,0,0
BRDA:94,4,1,0
BRDA:97,5,0,0
BRDA:97,5,1,0
BRDA:101,6,0,0
BRDA:101,6,1,0
BRDA:146,7,0,0
BRDA:146,7,1,0
BRDA:157,8,0,0
BRDA:157,8,1,0
BRDA:162,9,0,0
BRDA:162,9,1,0
BRDA:175,10,0,0
BRDA:175,10,1,0
BRDA:182,11,0,0
BRDA:182,11,1,0
BRDA:190,12,0,0
BRDA:190,12,1,0
BRDA:207,13,0,0
BRDA:207,13,1,0
BRDA:207,13,2,0
BRDA:207,13,3,0
BRDA:215,14,0,0
BRDA:215,14,1,0
BRDA:222,15,0,0
BRDA:222,15,1,0
BRDA:230,16,0,0
BRDA:230,16,1,0
BRDA:254,17,0,0
BRDA:254,17,1,0
BRDA:269,18,0,0
BRDA:269,18,1,0
BRDA:279,19,0,0
BRDA:279,19,1,0
BRDA:286,20,0,0
BRDA:286,20,1,0
BRDA:295,21,0,0
BRDA:295,21,1,0
BRDA:295,22,0,0
BRDA:295,22,1,0
BRDA:297,23,0,0
BRDA:297,23,1,0
BRDA:299,24,0,0
BRDA:299,24,1,0
BRDA:301,25,0,0
BRDA:301,25,1,0
BRDA:301,26,0,0
BRDA:301,26,1,0
BRDA:312,27,0,0
BRDA:312,27,1,0
BRDA:312,28,0,0
BRDA:312,28,1,0
BRDA:334,29,0,0
BRDA:334,29,1,0
BRDA:338,30,0,0
BRDA:338,30,1,0
BRDA:341,31,0,0
BRDA:341,31,1,0
BRDA:347,32,0,0
BRDA:347,32,1,0
BRDA:348,33,0,0
BRDA:348,33,1,0
BRDA:363,34,0,0
BRDA:363,34,1,0
BRDA:370,35,0,0
BRDA:370,35,1,0
BRDA:371,36,0,0
BRDA:371,36,1,0
BRDA:389,37,0,0
BRDA:389,37,1,0
BRDA:391,38,0,0
BRDA:391,38,1,0
BRDA:392,39,0,0
BRDA:392,39,1,0
BRDA:399,40,0,0
BRDA:399,40,1,0
BRDA:425,41,0,0
BRDA:425,41,1,0
BRDA:428,42,0,0
BRDA:428,42,1,0
BRDA:431,43,0,0
BRDA:431,43,1,0
BRDA:441,44,0,0
BRDA:441,44,1,0
BRDA:447,45,0,0
BRDA:447,45,1,0
BRDA:449,46,0,0
BRDA:449,46,1,0
BRDA:449,46,2,0
BRDA:450,47,0,0
BRDA:450,47,1,0
BRDA:450,48,0,0
BRDA:450,48,1,0
BRDA:451,49,0,0
BRDA:451,49,1,0
BRDA:451,50,0,0
BRDA:451,50,1,0
BRDA:471,51,0,0
BRDA:471,51,1,0
BRDA:489,52,0,0
BRDA:489,52,1,0
BRDA:508,53,0,0
BRDA:508,53,1,0
BRDA:515,54,0,0
BRDA:515,54,1,0
BRDA:515,55,0,0
BRDA:515,55,1,0
BRDA:516,56,0,0
BRDA:516,56,1,0
BRDA:517,57,0,0
BRDA:517,57,1,0
BRDA:517,58,0,0
BRDA:517,58,1,0
BRDA:517,58,2,0
BRDA:520,59,0,0
BRDA:520,59,1,0
BRDA:534,60,0,0
BRDA:534,60,1,0
BRDA:534,61,0,0
BRDA:534,61,1,0
BRDA:541,62,0,0
BRDA:541,62,1,0
BRDA:549,63,0,0
BRDA:549,63,1,0
BRDA:562,64,0,0
BRDA:562,64,1,0
BRDA:567,65,0,0
BRDA:567,65,1,0
BRDA:568,66,0,0
BRDA:568,66,1,0
BRDA:571,67,0,0
BRDA:571,67,1,0
BRDA:584,68,0,0
BRDA:584,68,1,0
BRDA:584,69,0,0
BRDA:584,69,1,0
BRDA:585,70,0,0
BRDA:585,70,1,0
BRDA:588,71,0,0
BRDA:588,71,1,0
BRDA:588,72,0,0
BRDA:588,72,1,0
BRDA:592,73,0,0
BRDA:592,73,1,0
BRDA:617,74,0,0
BRDA:617,74,1,0
BRDA:624,75,0,0
BRDA:624,75,1,0
BRDA:627,76,0,0
BRDA:627,76,1,0
BRDA:627,77,0,0
BRDA:627,77,1,0
BRDA:627,77,2,0
BRDA:629,78,0,0
BRDA:629,78,1,0
BRDA:629,79,0,0
BRDA:629,79,1,0
BRDA:629,79,2,0
BRDA:631,80,0,0
BRDA:631,80,1,0
BRDA:631,81,0,0
BRDA:631,81,1,0
BRDA:631,81,2,0
BRDA:633,82,0,0
BRDA:633,82,1,0
BRDA:643,83,0,0
BRDA:643,83,1,0
BRDA:643,84,0,0
BRDA:643,84,1,0
BRF:176
BRH:0
end_of_record
TN:
SF:src/utils/constants.ts
FN:25,loadOrchestratorConfig
FN:52,(anonymous_1)
FN:82,ensureMissionsDir
FN:89,generateMissionId
FN:94,resolveAgentAlias
FNF:5
FNH:1
FNDA:0,loadOrchestratorConfig
FNDA:0,(anonymous_1)
FNDA:0,ensureMissionsDir
FNDA:0,generateMissionId
FNDA:7,resolveAgentAlias
DA:16,2
DA:36,0
DA:37,0
DA:38,0
DA:49,0
DA:50,0
DA:51,0
DA:52,0
DA:54,0
DA:57,0
DA:58,0
DA:59,0
DA:67,0
DA:68,0
DA:69,0
DA:70,0
DA:71,0
DA:72,0
DA:73,0
DA:74,0
DA:78,0
DA:83,0
DA:84,0
DA:85,0
DA:90,0
DA:95,7
DA:103,7
DA:104,7
DA:105,5
LF:29
LH:5
BRDA:49,0,0,0
BRDA:49,0,1,0
BRDA:54,1,0,0
BRDA:54,1,1,0
BRDA:54,1,2,0
BRDA:57,2,0,0
BRDA:57,2,1,0
BRDA:58,3,0,0
BRDA:58,3,1,0
BRDA:60,4,0,0
BRDA:60,4,1,0
BRDA:61,5,0,0
BRDA:61,5,1,0
BRDA:62,6,0,0
BRDA:62,6,1,0
BRDA:63,7,0,0
BRDA:63,7,1,0
BRDA:64,8,0,0
BRDA:64,8,1,0
BRDA:67,9,0,0
BRDA:67,9,1,0
BRDA:68,10,0,0
BRDA:68,10,1,0
BRDA:69,11,0,0
BRDA:69,11,1,0
BRDA:70,12,0,0
BRDA:70,12,1,0
BRDA:71,13,0,0
BRDA:71,13,1,0
BRDA:72,14,0,0
BRDA:72,14,1,0
BRDA:73,15,0,0
BRDA:73,15,1,0
BRDA:74,16,0,0
BRDA:74,16,1,0
BRDA:103,17,0,7
BRDA:103,17,1,2
BRDA:103,18,0,0
BRDA:103,18,1,2
BRDA:104,19,0,2
BRDA:104,19,1,5
BRF:41
BRH:5
end_of_record
TN:
SF:src/utils/dox.ts
FN:36,isDoxInitialized
FN:44,doxInit
FN:77,writeDoxRunHeader
FN:80,(anonymous_3)
FN:80,(anonymous_4)
FN:80,(anonymous_5)
FN:87,appendDoxLog
FN:97,doxCloseout
FN:101,(anonymous_8)
FN:107,(anonymous_9)
FN:115,doxCheck
FNF:11
FNH:11
FNDA:3,isDoxInitialized
FNDA:9,doxInit
FNDA:3,writeDoxRunHeader
FNDA:3,(anonymous_3)
FNDA:5,(anonymous_4)
FNDA:2,(anonymous_5)
FNDA:2,appendDoxLog
FNDA:2,doxCloseout
FNDA:4,(anonymous_8)
FNDA:4,(anonymous_9)
FNDA:3,doxCheck
DA:37,3
DA:45,9
DA:46,9
DA:49,9
DA:50,9
DA:51,6
DA:70,9
DA:71,9
DA:78,3
DA:79,3
DA:80,5
DA:81,3
DA:88,2
DA:89,2
DA:90,1
DA:98,2
DA:99,2
DA:101,4
DA:102,2
DA:105,2
DA:106,2
DA:107,4
DA:108,2
DA:120,3
DA:127,3
DA:128,3
DA:130,3
DA:131,12
DA:135,3
DA:136,3
DA:137,2
DA:138,2
DA:139,2
DA:142,3
LF:34
LH:34
BRDA:37,0,0,3
BRDA:37,0,1,2
BRDA:50,1,0,6
BRDA:50,1,1,3
BRDA:89,2,0,1
BRDA:89,2,1,1
BRDA:99,3,0,0
BRDA:99,3,1,2
BRDA:106,4,0,2
BRDA:106,4,1,0
BRDA:131,5,0,4
BRDA:131,5,1,8
BRDA:136,6,0,2
BRDA:136,6,1,1
BRDA:138,7,0,1
BRDA:138,7,1,1
BRDA:139,8,0,1
BRDA:139,8,1,1
BRF:18
BRH:16
end_of_record
TN:
SF:src/utils/paths.ts
FN:10,slugify
FN:22,getMissionDirectory
FN:31,ensureProjectDirs
FN:52,resolveProjectDirectory
FNF:4
FNH:3
FNDA:3,slugify
FNDA:0,getMissionDirectory
FNDA:1,ensureProjectDirs
FNDA:2,resolveProjectDirectory
DA:11,3
DA:23,0
DA:24,0
DA:25,0
DA:36,1
DA:37,1
DA:38,1
DA:40,1
DA:41,1
DA:42,1
DA:44,1
DA:53,2
DA:54,2
DA:55,9
DA:56,1
DA:59,1
LF:16
LH:13
BRDA:11,0,0,3
BRDA:11,0,1,0
BRDA:55,1,0,1
BRDA:55,1,1,8
BRF:4
BRH:3
end_of_record
TN:
SF:src/utils/provider-lock.ts
FN:11,findConfigPath
FN:22,loadConfig
FN:39,lockProviderToOllama
FNF:3
FNH:3
FNDA:7,findConfigPath
FNDA:7,loadConfig
FNDA:7,lockProviderToOllama
DA:12,7
DA:16,7
DA:17,9
DA:19,1
DA:23,7
DA:24,7
DA:25,6
DA:26,6
DA:28,1
DA:40,7
DA:43,7
DA:44,7
DA:45,7
DA:47,7
DA:48,2
DA:49,5
DA:50,5
DA:51,4
LF:18
LH:18
BRDA:17,0,0,6
BRDA:17,0,1,3
BRDA:24,1,0,1
BRDA:24,1,1,6
BRDA:43,2,0,7
BRDA:43,2,1,4
BRDA:47,3,0,2
BRDA:47,3,1,5
BRDA:50,4,0,4
BRDA:50,4,1,1
BRF:10
BRH:10
end_of_record
TN:
SF:src/utils/todo-parser.ts
FN:27,parseTodos
FN:83,(anonymous_1)
FN:93,updateTodoStatus
FN:123,exportTodosJson
FNF:4
FNH:3
FNDA:3,parseTodos
FNDA:2,(anonymous_1)
FNDA:1,updateTodoStatus
FNDA:0,exportTodosJson
DA:28,3
DA:29,3
DA:31,2
DA:32,2
DA:33,2
DA:35,2
DA:37,2
DA:39,2
DA:40,12
DA:43,12
DA:44,12
DA:45,1
DA:46,1
DA:50,11
DA:53,11
DA:54,4
DA:55,4
DA:56,4
DA:67,4
DA:71,7
DA:72,7
DA:73,3
DA:74,3
DA:75,3
DA:79,4
DA:80,4
DA:81,2
DA:83,2
DA:88,2
DA:89,2
DA:99,1
DA:100,1
DA:102,1
DA:103,1
DA:106,1
DA:107,1
DA:108,1
DA:109,1
DA:110,1
DA:111,1
DA:112,1
DA:113,1
DA:115,1
DA:119,1
DA:124,0
DA:125,0
LF:46
LH:44
BRDA:29,0,0,1
BRDA:29,0,1,2
BRDA:44,1,0,1
BRDA:44,1,1,11
BRDA:53,2,0,4
BRDA:53,2,1,7
BRDA:54,3,0,2
BRDA:54,3,1,2
BRDA:57,4,0,2
BRDA:57,4,1,2
BRDA:72,5,0,3
BRDA:72,5,1,4
BRDA:72,6,0,7
BRDA:72,6,1,3
BRDA:73,7,0,3
BRDA:73,7,1,0
BRDA:80,8,0,2
BRDA:80,8,1,2
BRDA:80,9,0,4
BRDA:80,9,1,2
BRDA:88,10,0,2
BRDA:88,10,1,0
BRDA:100,11,0,0
BRDA:100,11,1,1
BRDA:103,12,0,1
BRDA:103,12,1,0
BRDA:109,13,0,1
BRDA:109,13,1,0
BRDA:111,14,0,1
BRDA:111,14,1,0
BRF:30
BRH:24
end_of_record
